<?xml version="1.0" encoding="UTF-8"?>
<!-- Generated by org.testng.reporters.JUnitReportReporter -->
<testsuite hostname="FLPUNQAD0099" name="example.NewTest" tests="1" failures="0" timestamp="30 Mar 2016 07:28:04 GMT" time="57.286" errors="0">
  <testcase name="testEasy" time="57.286" classname="example.NewTest"/>
</testsuite> <!-- example.NewTest -->
